<?xml version="1.0" encoding="UTF-8"?>
<!-- Generated by org.testng.reporters.JUnitReportReporter -->
<testsuite hostname="MacBook-Air-Admine.local" failures="0" tests="1" name="testcases.Login_TestCase" time="10.254" errors="0" timestamp="2025-10-22T16:45:44 IST" skipped="0">
  <testcase classname="testcases.Login_TestCase" name="loginpagetest" time="10.254"/>
</testsuite> <!-- testcases.Login_TestCase -->
