<?xml version="1.0" encoding="UTF-8"?>
<!-- Generated by org.testng.reporters.JUnitReportReporter -->
<testsuite hostname="MacBook-Air-Admine.local" failures="0" tests="1" name="testcases.Amazonlaunching" time="0.922" errors="0" timestamp="2025-10-22T04:55:21 IST" skipped="0">
  <testcase classname="testcases.Amazonlaunching" name="test" time="0.922"/>
</testsuite> <!-- testcases.Amazonlaunching -->
