<?xml version="1.0" encoding="UTF-8"?>
<!-- Generated by org.testng.reporters.JUnitReportReporter -->
<testsuite hostname="MacBook-Air-Admine.local" failures="0" tests="1" name="testcases.ProductSearch_Testcase" time="5.906" errors="0" timestamp="2025-10-21T01:31:00 IST" skipped="0">
  <testcase classname="testcases.ProductSearch_Testcase" name="productsearch" time="5.906"/>
</testsuite> <!-- testcases.ProductSearch_Testcase -->
