<?xml version="1.0" encoding="UTF-8"?>
<!-- Generated by org.testng.reporters.JUnitReportReporter -->
<testsuite hostname="MacBook-Air-Admine.local" failures="0" tests="1" name="testcases.Addingitem_toCart" time="18.321" errors="0" timestamp="2025-10-22T17:20:15 IST" skipped="0">
  <testcase classname="testcases.Addingitem_toCart" name="addingtocart" time="18.321"/>
</testsuite> <!-- testcases.Addingitem_toCart -->
